# JRE version: OpenJDK Runtime Environment (8.0_76-b03) (build 1.8.0_76-release-b03)
# Java VM: OpenJDK 64-Bit Server VM (25.76-b03 mixed mode windows-amd64 compressed oops)
Heap:
 PSYoungGen      total 294912K, used 281917K [0x00000000eab00000, 0x0000000100000000, 0x0000000100000000)
  eden space 250368K, 100% used [0x00000000eab00000,0x00000000f9f80000,0x00000000f9f80000)
  from space 44544K, 70% used [0x00000000fcf00000,0x00000000fedcf580,0x00000000ffa80000)
  to   space 48640K, 99% used [0x00000000f9f80000,0x00000000fcefa368,0x00000000fcf00000)
 ParOldGen       total 246784K, used 64792K [0x00000000c0000000, 0x00000000cf100000, 0x00000000eab00000)
  object space 246784K, 26% used [0x00000000c0000000,0x00000000c3f522f8,0x00000000cf100000)
 Metaspace       used 68412K, capacity 70662K, committed 70936K, reserved 1112064K
  class space    used 8694K, capacity 9154K, committed 9264K, reserved 1048576K
GC Heap History (10 events):
Event: 384.243 GC heap after
Heap after GC invocations=32 (full 5):
 PSYoungGen      total 296960K, used 1327K [0x00000000eab00000, 0x00000000fff80000, 0x0000000100000000)
  eden space 249344K, 0% used [0x00000000eab00000,0x00000000eab00000,0x00000000f9e80000)
  from space 47616K, 2% used [0x00000000f9e80000,0x00000000f9fcbfe0,0x00000000fcd00000)
  to   space 47104K, 0% used [0x00000000fd180000,0x00000000fd180000,0x00000000fff80000)
 ParOldGen       total 246784K, used 115404K [0x00000000c0000000, 0x00000000cf100000, 0x00000000eab00000)
  object space 246784K, 46% used [0x00000000c0000000,0x00000000c70b3278,0x00000000cf100000)
 Metaspace       used 64636K, capacity 66446K, committed 66584K, reserved 1107968K
  class space    used 8335K, capacity 8724K, committed 8752K, reserved 1048576K
}
Event: 385.840 GC heap before
{Heap before GC invocations=33 (full 5):
 PSYoungGen      total 296960K, used 250671K [0x00000000eab00000, 0x00000000fff80000, 0x0000000100000000)
  eden space 249344K, 100% used [0x00000000eab00000,0x00000000f9e80000,0x00000000f9e80000)
  from space 47616K, 2% used [0x00000000f9e80000,0x00000000f9fcbfe0,0x00000000fcd00000)
  to   space 47104K, 0% used [0x00000000fd180000,0x00000000fd180000,0x00000000fff80000)
 ParOldGen       total 246784K, used 115404K [0x00000000c0000000, 0x00000000cf100000, 0x00000000eab00000)
  object space 246784K, 46% used [0x00000000c0000000,0x00000000c70b3278,0x00000000cf100000)
 Metaspace       used 65462K, capacity 67322K, committed 67480K, reserved 1107968K
  class space    used 8445K, capacity 8860K, committed 8880K, reserved 1048576K
Event: 385.851 GC heap after
Heap after GC invocations=33 (full 5):
 PSYoungGen      total 298496K, used 1040K [0x00000000eab00000, 0x00000000ffc80000, 0x0000000100000000)
  eden space 254464K, 0% used [0x00000000eab00000,0x00000000eab00000,0x00000000fa380000)
  from space 44032K, 2% used [0x00000000fd180000,0x00000000fd284290,0x00000000ffc80000)
  to   space 45568K, 0% used [0x00000000fa380000,0x00000000fa380000,0x00000000fd000000)
 ParOldGen       total 246784K, used 115882K [0x00000000c0000000, 0x00000000cf100000, 0x00000000eab00000)
  object space 246784K, 46% used [0x00000000c0000000,0x00000000c712a908,0x00000000cf100000)
 Metaspace       used 65462K, capacity 67322K, committed 67480K, reserved 1107968K
  class space    used 8445K, capacity 8860K, committed 8880K, reserved 1048576K
}
Event: 386.997 GC heap before
{Heap before GC invocations=34 (full 5):
 PSYoungGen      total 298496K, used 13742K [0x00000000eab00000, 0x00000000ffc80000, 0x0000000100000000)
  eden space 254464K, 4% used [0x00000000eab00000,0x00000000eb7677b8,0x00000000fa380000)
  from space 44032K, 2% used [0x00000000fd180000,0x00000000fd284290,0x00000000ffc80000)
  to   space 45568K, 0% used [0x00000000fa380000,0x00000000fa380000,0x00000000fd000000)
 ParOldGen       total 246784K, used 115882K [0x00000000c0000000, 0x00000000cf100000, 0x00000000eab00000)
  object space 246784K, 46% used [0x00000000c0000000,0x00000000c712a908,0x00000000cf100000)
 Metaspace       used 66248K, capacity 68154K, committed 68376K, reserved 1107968K
  class space    used 8515K, capacity 8924K, committed 9008K, reserved 1048576K
Event: 387.016 GC heap after
Heap after GC invocations=34 (full 5):
 PSYoungGen      total 255488K, used 705K [0x00000000eab00000, 0x00000000ffa80000, 0x0000000100000000)
  eden space 254464K, 0% used [0x00000000eab00000,0x00000000eab00000,0x00000000fa380000)
  from space 1024K, 68% used [0x00000000fa380000,0x00000000fa430770,0x00000000fa480000)
  to   space 44544K, 0% used [0x00000000fcf00000,0x00000000fcf00000,0x00000000ffa80000)
 ParOldGen       total 246784K, used 116164K [0x00000000c0000000, 0x00000000cf100000, 0x00000000eab00000)
  object space 246784K, 47% used [0x00000000c0000000,0x00000000c71713c8,0x00000000cf100000)
 Metaspace       used 66248K, capacity 68154K, committed 68376K, reserved 1107968K
  class space    used 8515K, capacity 8924K, committed 9008K, reserved 1048576K
}
Event: 387.017 GC heap before
{Heap before GC invocations=35 (full 6):
 PSYoungGen      total 255488K, used 705K [0x00000000eab00000, 0x00000000ffa80000, 0x0000000100000000)
  eden space 254464K, 0% used [0x00000000eab00000,0x00000000eab00000,0x00000000fa380000)
  from space 1024K, 68% used [0x00000000fa380000,0x00000000fa430770,0x00000000fa480000)
  to   space 44544K, 0% used [0x00000000fcf00000,0x00000000fcf00000,0x00000000ffa80000)
 ParOldGen       total 246784K, used 116164K [0x00000000c0000000, 0x00000000cf100000, 0x00000000eab00000)
  object space 246784K, 47% used [0x00000000c0000000,0x00000000c71713c8,0x00000000cf100000)
 Metaspace       used 66248K, capacity 68154K, committed 68376K, reserved 1107968K
  class space    used 8515K, capacity 8924K, committed 9008K, reserved 1048576K
Event: 388.593 GC heap after
Heap after GC invocations=35 (full 6):
 PSYoungGen      total 255488K, used 0K [0x00000000eab00000, 0x00000000ffa80000, 0x0000000100000000)
  eden space 254464K, 0% used [0x00000000eab00000,0x00000000eab00000,0x00000000fa380000)
  from space 1024K, 0% used [0x00000000fa380000,0x00000000fa380000,0x00000000fa480000)
  to   space 44544K, 0% used [0x00000000fcf00000,0x00000000fcf00000,0x00000000ffa80000)
 ParOldGen       total 246784K, used 40533K [0x00000000c0000000, 0x00000000cf100000, 0x00000000eab00000)
  object space 246784K, 16% used [0x00000000c0000000,0x00000000c2795550,0x00000000cf100000)
 Metaspace       used 66248K, capacity 68154K, committed 68376K, reserved 1107968K
  class space    used 8515K, capacity 8924K, committed 9008K, reserved 1048576K
}
Event: 791.157 GC heap before
{Heap before GC invocations=36 (full 6):
 PSYoungGen      total 255488K, used 251704K [0x00000000eab00000, 0x00000000ffa80000, 0x0000000100000000)
  eden space 254464K, 98% used [0x00000000eab00000,0x00000000fa0ce0c0,0x00000000fa380000)
  from space 1024K, 0% used [0x00000000fa380000,0x00000000fa380000,0x00000000fa480000)
  to   space 44544K, 0% used [0x00000000fcf00000,0x00000000fcf00000,0x00000000ffa80000)
 ParOldGen       total 246784K, used 40533K [0x00000000c0000000, 0x00000000cf100000, 0x00000000eab00000)
  object space 246784K, 16% used [0x00000000c0000000,0x00000000c2795550,0x00000000cf100000)
 Metaspace       used 67184K, capacity 69332K, committed 69400K, reserved 1110016K
  class space    used 8554K, capacity 8985K, committed 9008K, reserved 1048576K
Event: 791.396 GC heap after
Heap after GC invocations=36 (full 6):
 PSYoungGen      total 294912K, used 31549K [0x00000000eab00000, 0x0000000100000000, 0x0000000100000000)
  eden space 250368K, 0% used [0x00000000eab00000,0x00000000eab00000,0x00000000f9f80000)
  from space 44544K, 70% used [0x00000000fcf00000,0x00000000fedcf580,0x00000000ffa80000)
  to   space 48640K, 0% used [0x00000000f9f80000,0x00000000f9f80000,0x00000000fcf00000)
 ParOldGen       total 246784K, used 40541K [0x00000000c0000000, 0x00000000cf100000, 0x00000000eab00000)
  object space 246784K, 16% used [0x00000000c0000000,0x00000000c2797550,0x00000000cf100000)
 Metaspace       used 67184K, capacity 69332K, committed 69400K, reserved 1110016K
  class space    used 8554K, capacity 8985K, committed 9008K, reserved 1048576K
}
Event: 809.116 GC heap before
{Heap before GC invocations=37 (full 6):
 PSYoungGen      total 294912K, used 281917K [0x00000000eab00000, 0x0000000100000000, 0x0000000100000000)
  eden space 250368K, 100% used [0x00000000eab00000,0x00000000f9f80000,0x00000000f9f80000)
  from space 44544K, 70% used [0x00000000fcf00000,0x00000000fedcf580,0x00000000ffa80000)
  to   space 48640K, 0% used [0x00000000f9f80000,0x00000000f9f80000,0x00000000fcf00000)
 ParOldGen       total 246784K, used 40541K [0x00000000c0000000, 0x00000000cf100000, 0x00000000eab00000)
  object space 246784K, 16% used [0x00000000c0000000,0x00000000c2797550,0x00000000cf100000)
 Metaspace       used 68412K, capacity 70662K, committed 70936K, reserved 1112064K
  class space    used 8694K, capacity 9154K, committed 9264K, reserved 1048576K

