# JRE version: Java(TM) SE Runtime Environment (8.0_73-b02) (build 1.8.0_73-b02)
# Java VM: Java HotSpot(TM) 64-Bit Server VM (25.73-b02 mixed mode windows-amd64 compressed oops)
Heap:
 PSYoungGen      total 689664K, used 689648K [0x000000076ab00000, 0x00000007a1500000, 0x00000007c0000000)
  eden space 573952K, 100% used [0x000000076ab00000,0x000000078db80000,0x000000078db80000)
  from space 115712K, 99% used [0x0000000796500000,0x000000079d5fc100,0x000000079d600000)
  to   space 140800K, 49% used [0x000000078db80000,0x000000079202f9a0,0x0000000796500000)
 ParOldGen       total 448512K, used 448254K [0x00000006c0000000, 0x00000006db600000, 0x000000076ab00000)
  object space 448512K, 99% used [0x00000006c0000000,0x00000006db5bf888,0x00000006db600000)
 Metaspace       used 8297K, capacity 8400K, committed 8576K, reserved 1056768K
  class space    used 801K, capacity 816K, committed 896K, reserved 1048576K
GC Heap History (10 events):
Event: 40.216 GC heap after
Heap after GC invocations=15 (full 2):
 PSYoungGen      total 527360K, used 65628K [0x000000076ab00000, 0x0000000796c80000, 0x00000007c0000000)
  eden space 444416K, 0% used [0x000000076ab00000,0x000000076ab00000,0x0000000785d00000)
  from space 82944K, 79% used [0x0000000785d00000,0x0000000789d171e0,0x000000078ae00000)
  to   space 90624K, 0% used [0x0000000791400000,0x0000000791400000,0x0000000796c80000)
 ParOldGen       total 271360K, used 202483K [0x00000006c0000000, 0x00000006d0900000, 0x000000076ab00000)
  object space 271360K, 74% used [0x00000006c0000000,0x00000006cc5bcfa8,0x00000006d0900000)
 Metaspace       used 8278K, capacity 8336K, committed 8576K, reserved 1056768K
  class space    used 801K, capacity 816K, committed 896K, reserved 1048576K
}
Event: 44.371 GC heap before
{Heap before GC invocations=16 (full 2):
 PSYoungGen      total 527360K, used 510044K [0x000000076ab00000, 0x0000000796c80000, 0x00000007c0000000)
  eden space 444416K, 100% used [0x000000076ab00000,0x0000000785d00000,0x0000000785d00000)
  from space 82944K, 79% used [0x0000000785d00000,0x0000000789d171e0,0x000000078ae00000)
  to   space 90624K, 0% used [0x0000000791400000,0x0000000791400000,0x0000000796c80000)
 ParOldGen       total 271360K, used 202483K [0x00000006c0000000, 0x00000006d0900000, 0x000000076ab00000)
  object space 271360K, 74% used [0x00000006c0000000,0x00000006cc5bcfa8,0x00000006d0900000)
 Metaspace       used 8285K, capacity 8336K, committed 8576K, reserved 1056768K
  class space    used 801K, capacity 816K, committed 896K, reserved 1048576K
Event: 44.684 GC heap after
Heap after GC invocations=16 (full 2):
 PSYoungGen      total 604672K, used 90620K [0x000000076ab00000, 0x000000079a280000, 0x00000007c0000000)
  eden space 514048K, 0% used [0x000000076ab00000,0x000000076ab00000,0x000000078a100000)
  from space 90624K, 99% used [0x0000000791400000,0x0000000796c7f2f0,0x0000000796c80000)
  to   space 117760K, 0% used [0x000000078a100000,0x000000078a100000,0x0000000791400000)
 ParOldGen       total 271360K, used 233758K [0x00000006c0000000, 0x00000006d0900000, 0x000000076ab00000)
  object space 271360K, 86% used [0x00000006c0000000,0x00000006ce447960,0x00000006d0900000)
 Metaspace       used 8285K, capacity 8336K, committed 8576K, reserved 1056768K
  class space    used 801K, capacity 816K, committed 896K, reserved 1048576K
}
Event: 44.684 GC heap before
{Heap before GC invocations=17 (full 3):
 PSYoungGen      total 604672K, used 90620K [0x000000076ab00000, 0x000000079a280000, 0x00000007c0000000)
  eden space 514048K, 0% used [0x000000076ab00000,0x000000076ab00000,0x000000078a100000)
  from space 90624K, 99% used [0x0000000791400000,0x0000000796c7f2f0,0x0000000796c80000)
  to   space 117760K, 0% used [0x000000078a100000,0x000000078a100000,0x0000000791400000)
 ParOldGen       total 271360K, used 233758K [0x00000006c0000000, 0x00000006d0900000, 0x000000076ab00000)
  object space 271360K, 86% used [0x00000006c0000000,0x00000006ce447960,0x00000006d0900000)
 Metaspace       used 8285K, capacity 8336K, committed 8576K, reserved 1056768K
  class space    used 801K, capacity 816K, committed 896K, reserved 1048576K
Event: 48.238 GC heap after
Heap after GC invocations=17 (full 3):
 PSYoungGen      total 604672K, used 47944K [0x000000076ab00000, 0x000000079a280000, 0x00000007c0000000)
  eden space 514048K, 0% used [0x000000076ab00000,0x000000076ab00000,0x000000078a100000)
  from space 90624K, 52% used [0x0000000791400000,0x00000007942d2060,0x0000000796c80000)
  to   space 117760K, 0% used [0x000000078a100000,0x000000078a100000,0x0000000791400000)
 ParOldGen       total 434688K, used 270958K [0x00000006c0000000, 0x00000006da880000, 0x000000076ab00000)
  object space 434688K, 62% used [0x00000006c0000000,0x00000006d089bbb0,0x00000006da880000)
 Metaspace       used 8285K, capacity 8336K, committed 8576K, reserved 1056768K
  class space    used 801K, capacity 816K, committed 896K, reserved 1048576K
}
Event: 53.000 GC heap before
{Heap before GC invocations=18 (full 3):
 PSYoungGen      total 604672K, used 561992K [0x000000076ab00000, 0x000000079a280000, 0x00000007c0000000)
  eden space 514048K, 100% used [0x000000076ab00000,0x000000078a100000,0x000000078a100000)
  from space 90624K, 52% used [0x0000000791400000,0x00000007942d2060,0x0000000796c80000)
  to   space 117760K, 0% used [0x000000078a100000,0x000000078a100000,0x0000000791400000)
 ParOldGen       total 434688K, used 270958K [0x00000006c0000000, 0x00000006da880000, 0x000000076ab00000)
  object space 434688K, 62% used [0x00000006c0000000,0x00000006d089bbb0,0x00000006da880000)
 Metaspace       used 8289K, capacity 8400K, committed 8576K, reserved 1056768K
  class space    used 801K, capacity 816K, committed 896K, reserved 1048576K
Event: 53.396 GC heap after
Heap after GC invocations=18 (full 3):
 PSYoungGen      total 631808K, used 56947K [0x000000076ab00000, 0x000000079d600000, 0x00000007c0000000)
  eden space 514048K, 0% used [0x000000076ab00000,0x000000076ab00000,0x000000078a100000)
  from space 117760K, 48% used [0x000000078a100000,0x000000078d89ce98,0x0000000791400000)
  to   space 115712K, 0% used [0x0000000796500000,0x0000000796500000,0x000000079d600000)
 ParOldGen       total 434688K, used 319360K [0x00000006c0000000, 0x00000006da880000, 0x000000076ab00000)
  object space 434688K, 73% used [0x00000006c0000000,0x00000006d37e0120,0x00000006da880000)
 Metaspace       used 8289K, capacity 8400K, committed 8576K, reserved 1056768K
  class space    used 801K, capacity 816K, committed 896K, reserved 1048576K
}
Event: 55.761 GC heap before
{Heap before GC invocations=19 (full 3):
 PSYoungGen      total 631808K, used 570995K [0x000000076ab00000, 0x000000079d600000, 0x00000007c0000000)
  eden space 514048K, 100% used [0x000000076ab00000,0x000000078a100000,0x000000078a100000)
  from space 117760K, 48% used [0x000000078a100000,0x000000078d89ce98,0x0000000791400000)
  to   space 115712K, 0% used [0x0000000796500000,0x0000000796500000,0x000000079d600000)
 ParOldGen       total 434688K, used 319360K [0x00000006c0000000, 0x00000006da880000, 0x000000076ab00000)
  object space 434688K, 73% used [0x00000006c0000000,0x00000006d37e0120,0x00000006da880000)
 Metaspace       used 8296K, capacity 8400K, committed 8576K, reserved 1056768K
  class space    used 801K, capacity 816K, committed 896K, reserved 1048576K
Event: 56.091 GC heap after
Heap after GC invocations=19 (full 3):
 PSYoungGen      total 689664K, used 115696K [0x000000076ab00000, 0x00000007a1500000, 0x00000007c0000000)
  eden space 573952K, 0% used [0x000000076ab00000,0x000000076ab00000,0x000000078db80000)
  from space 115712K, 99% used [0x0000000796500000,0x000000079d5fc100,0x000000079d600000)
  to   space 140800K, 0% used [0x000000078db80000,0x000000078db80000,0x0000000796500000)
 ParOldGen       total 434688K, used 334737K [0x00000006c0000000, 0x00000006da880000, 0x000000076ab00000)
  object space 434688K, 77% used [0x00000006c0000000,0x00000006d46e4680,0x00000006da880000)
 Metaspace       used 8296K, capacity 8400K, committed 8576K, reserved 1056768K
  class space    used 801K, capacity 816K, committed 896K, reserved 1048576K
}
Event: 62.130 GC heap before
{Heap before GC invocations=20 (full 3):
 PSYoungGen      total 689664K, used 689648K [0x000000076ab00000, 0x00000007a1500000, 0x00000007c0000000)
  eden space 573952K, 100% used [0x000000076ab00000,0x000000078db80000,0x000000078db80000)
  from space 115712K, 99% used [0x0000000796500000,0x000000079d5fc100,0x000000079d600000)
  to   space 140800K, 0% used [0x000000078db80000,0x000000078db80000,0x0000000796500000)
 ParOldGen       total 434688K, used 334737K [0x00000006c0000000, 0x00000006da880000, 0x000000076ab00000)
  object space 434688K, 77% used [0x00000006c0000000,0x00000006d46e4680,0x00000006da880000)
 Metaspace       used 8297K, capacity 8400K, committed 8576K, reserved 1056768K
  class space    used 801K, capacity 816K, committed 896K, reserved 1048576K

