# JRE version: Java(TM) SE Runtime Environment (8.0_73-b02) (build 1.8.0_73-b02)
# Java VM: Java HotSpot(TM) 64-Bit Server VM (25.73-b02 mixed mode windows-amd64 compressed oops)
Heap:
 PSYoungGen      total 600064K, used 90604K [0x000000076ab00000, 0x0000000799d80000, 0x00000007c0000000)
  eden space 509440K, 0% used [0x000000076ab00000,0x000000076ab00000,0x0000000789c80000)
  from space 90624K, 99% used [0x0000000790f00000,0x000000079677b298,0x0000000796780000)
  to   space 117248K, 0% used [0x0000000789c80000,0x0000000789c80000,0x0000000790f00000)
 ParOldGen       total 267264K, used 234534K [0x00000006c0000000, 0x00000006d0500000, 0x000000076ab00000)
  object space 267264K, 87% used [0x00000006c0000000,0x00000006ce509b58,0x00000006d0500000)
 Metaspace       used 8312K, capacity 8400K, committed 8576K, reserved 1056768K
  class space    used 803K, capacity 816K, committed 896K, reserved 1048576K
GC Heap History (10 events):
Event: 31.716 GC heap after
Heap after GC invocations=12 (full 1):
 PSYoungGen      total 424960K, used 36557K [0x000000076ab00000, 0x000000078e900000, 0x00000007c0000000)
  eden space 365568K, 0% used [0x000000076ab00000,0x000000076ab00000,0x0000000781000000)
  from space 59392K, 61% used [0x0000000781000000,0x00000007833b3758,0x0000000784a00000)
  to   space 60928K, 0% used [0x000000078ad80000,0x000000078ad80000,0x000000078e900000)
 ParOldGen       total 152576K, used 114446K [0x00000006c0000000, 0x00000006c9500000, 0x000000076ab00000)
  object space 152576K, 75% used [0x00000006c0000000,0x00000006c6fc3a10,0x00000006c9500000)
 Metaspace       used 8284K, capacity 8336K, committed 8576K, reserved 1056768K
  class space    used 802K, capacity 816K, committed 896K, reserved 1048576K
}
Event: 40.268 GC heap before
{Heap before GC invocations=13 (full 1):
 PSYoungGen      total 424960K, used 402125K [0x000000076ab00000, 0x000000078e900000, 0x00000007c0000000)
  eden space 365568K, 100% used [0x000000076ab00000,0x0000000781000000,0x0000000781000000)
  from space 59392K, 61% used [0x0000000781000000,0x00000007833b3758,0x0000000784a00000)
  to   space 60928K, 0% used [0x000000078ad80000,0x000000078ad80000,0x000000078e900000)
 ParOldGen       total 152576K, used 114446K [0x00000006c0000000, 0x00000006c9500000, 0x000000076ab00000)
  object space 152576K, 75% used [0x00000006c0000000,0x00000006c6fc3a10,0x00000006c9500000)
 Metaspace       used 8299K, capacity 8336K, committed 8576K, reserved 1056768K
  class space    used 803K, capacity 816K, committed 896K, reserved 1048576K
Event: 40.619 GC heap after
Heap after GC invocations=13 (full 1):
 PSYoungGen      total 504832K, used 60896K [0x000000076ab00000, 0x0000000790f00000, 0x00000007c0000000)
  eden space 443904K, 0% used [0x000000076ab00000,0x000000076ab00000,0x0000000785c80000)
  from space 60928K, 99% used [0x000000078ad80000,0x000000078e8f81b0,0x000000078e900000)
  to   space 82944K, 0% used [0x0000000785c80000,0x0000000785c80000,0x000000078ad80000)
 ParOldGen       total 152576K, used 145365K [0x00000006c0000000, 0x00000006c9500000, 0x000000076ab00000)
  object space 152576K, 95% used [0x00000006c0000000,0x00000006c8df55c0,0x00000006c9500000)
 Metaspace       used 8299K, capacity 8336K, committed 8576K, reserved 1056768K
  class space    used 803K, capacity 816K, committed 896K, reserved 1048576K
}
Event: 40.619 GC heap before
{Heap before GC invocations=14 (full 2):
 PSYoungGen      total 504832K, used 60896K [0x000000076ab00000, 0x0000000790f00000, 0x00000007c0000000)
  eden space 443904K, 0% used [0x000000076ab00000,0x000000076ab00000,0x0000000785c80000)
  from space 60928K, 99% used [0x000000078ad80000,0x000000078e8f81b0,0x000000078e900000)
  to   space 82944K, 0% used [0x0000000785c80000,0x0000000785c80000,0x000000078ad80000)
 ParOldGen       total 152576K, used 145365K [0x00000006c0000000, 0x00000006c9500000, 0x000000076ab00000)
  object space 152576K, 95% used [0x00000006c0000000,0x00000006c8df55c0,0x00000006c9500000)
 Metaspace       used 8299K, capacity 8336K, committed 8576K, reserved 1056768K
  class space    used 803K, capacity 816K, committed 896K, reserved 1048576K
Event: 42.898 GC heap after
Heap after GC invocations=14 (full 2):
 PSYoungGen      total 504832K, used 50996K [0x000000076ab00000, 0x0000000790f00000, 0x00000007c0000000)
  eden space 443904K, 0% used [0x000000076ab00000,0x000000076ab00000,0x0000000785c80000)
  from space 60928K, 83% used [0x000000078ad80000,0x000000078df4d1a8,0x000000078e900000)
  to   space 82944K, 0% used [0x0000000785c80000,0x0000000785c80000,0x000000078ad80000)
 ParOldGen       total 267264K, used 152200K [0x00000006c0000000, 0x00000006d0500000, 0x000000076ab00000)
  object space 267264K, 56% used [0x00000006c0000000,0x00000006c94a2070,0x00000006d0500000)
 Metaspace       used 8299K, capacity 8336K, committed 8576K, reserved 1056768K
  class space    used 803K, capacity 816K, committed 896K, reserved 1048576K
}
Event: 49.346 GC heap before
{Heap before GC invocations=15 (full 2):
 PSYoungGen      total 504832K, used 494900K [0x000000076ab00000, 0x0000000790f00000, 0x00000007c0000000)
  eden space 443904K, 100% used [0x000000076ab00000,0x0000000785c80000,0x0000000785c80000)
  from space 60928K, 83% used [0x000000078ad80000,0x000000078df4d1a8,0x000000078e900000)
  to   space 82944K, 0% used [0x0000000785c80000,0x0000000785c80000,0x000000078ad80000)
 ParOldGen       total 267264K, used 152200K [0x00000006c0000000, 0x00000006d0500000, 0x000000076ab00000)
  object space 267264K, 56% used [0x00000006c0000000,0x00000006c94a2070,0x00000006d0500000)
 Metaspace       used 8303K, capacity 8336K, committed 8576K, reserved 1056768K
  class space    used 803K, capacity 816K, committed 896K, reserved 1048576K
Event: 49.913 GC heap after
Heap after GC invocations=15 (full 2):
 PSYoungGen      total 526848K, used 65877K [0x000000076ab00000, 0x0000000796780000, 0x00000007c0000000)
  eden space 443904K, 0% used [0x000000076ab00000,0x000000076ab00000,0x0000000785c80000)
  from space 82944K, 79% used [0x0000000785c80000,0x0000000789cd5618,0x000000078ad80000)
  to   space 90624K, 0% used [0x0000000790f00000,0x0000000790f00000,0x0000000796780000)
 ParOldGen       total 267264K, used 203584K [0x00000006c0000000, 0x00000006d0500000, 0x000000076ab00000)
  object space 267264K, 76% used [0x00000006c0000000,0x00000006cc6d00d8,0x00000006d0500000)
 Metaspace       used 8303K, capacity 8336K, committed 8576K, reserved 1056768K
  class space    used 803K, capacity 816K, committed 896K, reserved 1048576K
}
Event: 59.743 GC heap before
{Heap before GC invocations=16 (full 2):
 PSYoungGen      total 526848K, used 509781K [0x000000076ab00000, 0x0000000796780000, 0x00000007c0000000)
  eden space 443904K, 100% used [0x000000076ab00000,0x0000000785c80000,0x0000000785c80000)
  from space 82944K, 79% used [0x0000000785c80000,0x0000000789cd5618,0x000000078ad80000)
  to   space 90624K, 0% used [0x0000000790f00000,0x0000000790f00000,0x0000000796780000)
 ParOldGen       total 267264K, used 203584K [0x00000006c0000000, 0x00000006d0500000, 0x000000076ab00000)
  object space 267264K, 76% used [0x00000006c0000000,0x00000006cc6d00d8,0x00000006d0500000)
 Metaspace       used 8312K, capacity 8400K, committed 8576K, reserved 1056768K
  class space    used 803K, capacity 816K, committed 896K, reserved 1048576K
Event: 60.434 GC heap after
Heap after GC invocations=16 (full 2):
 PSYoungGen      total 600064K, used 90604K [0x000000076ab00000, 0x0000000799d80000, 0x00000007c0000000)
  eden space 509440K, 0% used [0x000000076ab00000,0x000000076ab00000,0x0000000789c80000)
  from space 90624K, 99% used [0x0000000790f00000,0x000000079677b298,0x0000000796780000)
  to   space 117248K, 0% used [0x0000000789c80000,0x0000000789c80000,0x0000000790f00000)
 ParOldGen       total 267264K, used 234534K [0x00000006c0000000, 0x00000006d0500000, 0x000000076ab00000)
  object space 267264K, 87% used [0x00000006c0000000,0x00000006ce509b58,0x00000006d0500000)
 Metaspace       used 8312K, capacity 8400K, committed 8576K, reserved 1056768K
  class space    used 803K, capacity 816K, committed 896K, reserved 1048576K
}
Event: 60.434 GC heap before
{Heap before GC invocations=17 (full 3):
 PSYoungGen      total 600064K, used 90604K [0x000000076ab00000, 0x0000000799d80000, 0x00000007c0000000)
  eden space 509440K, 0% used [0x000000076ab00000,0x000000076ab00000,0x0000000789c80000)
  from space 90624K, 99% used [0x0000000790f00000,0x000000079677b298,0x0000000796780000)
  to   space 117248K, 0% used [0x0000000789c80000,0x0000000789c80000,0x0000000790f00000)
 ParOldGen       total 267264K, used 234534K [0x00000006c0000000, 0x00000006d0500000, 0x000000076ab00000)
  object space 267264K, 87% used [0x00000006c0000000,0x00000006ce509b58,0x00000006d0500000)
 Metaspace       used 8312K, capacity 8400K, committed 8576K, reserved 1056768K
  class space    used 803K, capacity 816K, committed 896K, reserved 1048576K

